Jun-16 17:32:14.039 [main] DEBUG nextflow.cli.Launcher - $> nextflow run pgscatalog/pgsc_calc -profile conda --input /home/vpasumarthy3/pgsc_results/genotypes.csv --pgs_id PGS002308 --target_build GRCh37 --outdir /home/vpasumarthy3/pgsc_results/pipeline_test/ --min_overlap 0.1
Jun-16 17:32:14.108 [main] DEBUG nextflow.cli.CmdRun - N E X T F L O W  ~  version 24.10.3
Jun-16 17:32:14.127 [main] DEBUG nextflow.plugin.PluginsFacade - Setting up plugin manager > mode=prod; embedded=false; plugins-dir=/home/vpasumarthy3/.nextflow/plugins; core-plugins: nf-amazon@2.9.2,nf-azure@1.10.2,nf-cloudcache@0.4.2,nf-codecommit@0.2.2,nf-console@1.1.4,nf-google@1.15.3,nf-tower@1.9.3,nf-wave@1.7.4
Jun-16 17:32:14.144 [main] INFO  o.pf4j.DefaultPluginStatusProvider - Enabled plugins: []
Jun-16 17:32:14.145 [main] INFO  o.pf4j.DefaultPluginStatusProvider - Disabled plugins: []
Jun-16 17:32:14.148 [main] INFO  org.pf4j.DefaultPluginManager - PF4J version 3.12.0 in 'deployment' mode
Jun-16 17:32:14.159 [main] INFO  org.pf4j.AbstractPluginManager - No plugins
Jun-16 17:32:14.171 [main] DEBUG nextflow.scm.ProviderConfig - Using SCM config path: /home/vpasumarthy3/.nextflow/scm
Jun-16 17:32:14.956 [main] DEBUG nextflow.scm.AssetManager - Git config: /home/vpasumarthy3/.nextflow/assets/pgscatalog/pgsc_calc/.git/config; branch: main; remote: origin; url: https://github.com/PGScatalog/pgsc_calc.git
Jun-16 17:32:14.984 [main] DEBUG nextflow.scm.RepositoryFactory - Found Git repository result: [RepositoryFactory]
Jun-16 17:32:14.992 [main] DEBUG nextflow.scm.AssetManager - Git config: /home/vpasumarthy3/.nextflow/assets/pgscatalog/pgsc_calc/.git/config; branch: main; remote: origin; url: https://github.com/PGScatalog/pgsc_calc.git
Jun-16 17:32:15.474 [main] INFO  nextflow.scm.AssetManager - NOTE: Your local project version looks outdated - a different revision is available in the remote repository [60a1026ec1]
Jun-16 17:32:15.484 [main] DEBUG nextflow.config.ConfigBuilder - Found config base: /home/vpasumarthy3/.nextflow/assets/pgscatalog/pgsc_calc/nextflow.config
Jun-16 17:32:15.485 [main] DEBUG nextflow.config.ConfigBuilder - Parsing config file: /home/vpasumarthy3/.nextflow/assets/pgscatalog/pgsc_calc/nextflow.config
Jun-16 17:32:15.491 [main] DEBUG n.secret.LocalSecretsProvider - Secrets store: /home/vpasumarthy3/.nextflow/secrets/store.json
Jun-16 17:32:15.494 [main] DEBUG nextflow.secret.SecretsLoader - Discovered secrets providers: [nextflow.secret.LocalSecretsProvider@50110971] - activable => nextflow.secret.LocalSecretsProvider@50110971
Jun-16 17:32:15.503 [main] DEBUG nextflow.config.ConfigBuilder - Applying config profile: `conda`
Jun-16 17:32:16.132 [main] DEBUG nextflow.config.ConfigBuilder - Available config profiles: [bih, cfc_dev, uzl_omics, ifb_core, embl_hd, denbi_qbic, alice, mjolnir_globe, uppmax, giga, incliva, ilifu, ki_luria, uge, icr_alma, rosalind_uge, lugh, mccleary, unibe_ibu, vai, czbiohub_aws, jax, roslin, tes, scw, unc_longleaf, tigem, tubingen_apg, google, apollo, ipop_up, vsc_calcua, pdc_kth, googlels, ceci_nic5, ccga_cau, humantechnopole, stjude, daisybio, eddie, medair, biowulf, apptainer, bi, bigpurple, adcra, cedars, pawsey_setonix, vsc_kul_uhasselt, pawsey_nimbus, ucl_myriad, utd_ganymede, charliecloud, seattlechildrens, icr_davros, ceres, munin, arm, rosalind, hasta, cfc, uzh, shu_bmrc, ebi_codon_slurm, ebc, ccga_dx, crick, ku_sund_danhead, marvin, biohpc_gen, shifter, mana, mamba, york_viking, unc_lccc, wehi, awsbatch, wustl_htcf, arcc, ceci_dragon2, imperial, maestro, software_license, cannon, genotoul, nci_gadi, abims, janelia, nu_genomics, googlebatch, oist, sahmri, kaust, alliance_canada, mpcdf, leicester, vsc_ugent, create, sage, cambridge, jex, podman, ebi_codon, cheaha, xanadu, nyu_hpc, test, marjorie, computerome, ucd_sonic, seg_globe, mssm, sanger, dkfz, bluebear, pasteur, einstein, ethz_euler, m3c, test_full, imb, ucl_cscluster, tuos_stanage, azurebatch, hki, seadragon, crukmi, csiro_petrichor, qmul_apocrita, docker, engaging, gis, hypatia, psmn, eva, unity, cropdiversityhpc, nygc, fgcz, conda, crg, singularity, mpcdf_viper, pe2, self_hosted_runner, tufts, uw_hyak_pedslabs, binac2, debug, genouest, cbe, unsw_katana, phoenix, gitpod, seawulf, uod_hpc, fub_curta, uct_hpc, aws_tower, binac, fsu_draco]
Jun-16 17:32:16.160 [main] DEBUG nextflow.cli.CmdRun - Applied DSL=2 from script declaration
Jun-16 17:32:16.161 [main] DEBUG nextflow.cli.CmdRun - Launching `https://github.com/pgscatalog/pgsc_calc` [big_angela] DSL2 - revision: 205cbfd1f5 [main]
Jun-16 17:32:16.162 [main] DEBUG nextflow.plugin.PluginsFacade - Plugins declared=[nf-schema@2.0.0, nf-prov@1.2.2]
Jun-16 17:32:16.163 [main] DEBUG nextflow.plugin.PluginsFacade - Plugins default=[]
Jun-16 17:32:16.163 [main] DEBUG nextflow.plugin.PluginsFacade - Plugins resolved requirement=[nf-schema@2.0.0, nf-prov@1.2.2]
Jun-16 17:32:16.163 [main] DEBUG nextflow.plugin.PluginUpdater - Installing plugin nf-schema version: 2.0.0
Jun-16 17:32:16.168 [main] INFO  org.pf4j.AbstractPluginManager - Plugin 'nf-schema@2.0.0' resolved
Jun-16 17:32:16.168 [main] INFO  org.pf4j.AbstractPluginManager - Start plugin 'nf-schema@2.0.0'
Jun-16 17:32:16.172 [main] DEBUG nextflow.plugin.BasePlugin - Plugin started nf-schema@2.0.0
Jun-16 17:32:16.173 [main] DEBUG nextflow.plugin.PluginUpdater - Installing plugin nf-prov version: 1.2.2
Jun-16 17:32:16.173 [main] INFO  org.pf4j.AbstractPluginManager - Plugin 'nf-prov@1.2.2' resolved
Jun-16 17:32:16.173 [main] INFO  org.pf4j.AbstractPluginManager - Start plugin 'nf-prov@1.2.2'
Jun-16 17:32:16.175 [main] DEBUG nextflow.plugin.BasePlugin - Plugin started nf-prov@1.2.2
Jun-16 17:32:16.220 [main] DEBUG nextflow.Session - Session UUID: b9b2396f-47cb-4b2f-a93c-efefd2870f1b
Jun-16 17:32:16.221 [main] DEBUG nextflow.Session - Run name: big_angela
Jun-16 17:32:16.221 [main] DEBUG nextflow.Session - Executor pool size: 80
Jun-16 17:32:16.229 [main] DEBUG nextflow.file.FilePorter - File porter settings maxRetries=3; maxTransfers=50; pollTimeout=null
Jun-16 17:32:16.233 [main] DEBUG nextflow.util.ThreadPoolBuilder - Creating thread pool 'FileTransfer' minSize=10; maxSize=240; workQueue=LinkedBlockingQueue[10000]; allowCoreThreadTimeout=false
Jun-16 17:32:16.324 [main] DEBUG nextflow.cli.CmdRun - 
  Version: 24.10.3 build 5933
  Created: 16-12-2024 15:34 UTC (10:34 EDT)
  System: Linux 5.14.0-570.16.1.el9_6.x86_64
  Runtime: Groovy 4.0.23 on OpenJDK 64-Bit Server VM 11.0.25+9-LTS
  Encoding: UTF-8 (UTF-8)
  Process: 2920281@bio-compjord01.biosci.gatech.edu [130.207.66.26]
  CPUs: 80 - Mem: 1.5 TB (135.3 GB) - Swap: 32 GB (32 GB)
Jun-16 17:32:16.337 [main] DEBUG nextflow.Session - Work-dir: /home/vpasumarthy3/PRS/PRS_Pipeline/work [xfs]
Jun-16 17:32:16.338 [main] DEBUG nextflow.Session - Script base path does not exist or is not a directory: /home/vpasumarthy3/.nextflow/assets/pgscatalog/pgsc_calc/bin
Jun-16 17:32:16.349 [main] DEBUG nextflow.executor.ExecutorFactory - Extension executors providers=[]
Jun-16 17:32:16.359 [main] DEBUG nextflow.Session - Observer factory: DefaultObserverFactory
Jun-16 17:32:16.376 [main] DEBUG nextflow.Session - Observer factory: ProvObserverFactory
Jun-16 17:32:16.411 [main] DEBUG nextflow.cache.CacheFactory - Using Nextflow cache factory: nextflow.cache.DefaultCacheFactory
Jun-16 17:32:16.419 [main] DEBUG nextflow.util.CustomThreadPool - Creating default thread pool > poolSize: 81; maxThreads: 1000
Jun-16 17:32:16.603 [main] DEBUG nextflow.Session - Session start
Jun-16 17:32:16.606 [main] DEBUG nextflow.trace.TraceFileObserver - Workflow started -- trace file: /home/vpasumarthy3/pgsc_results/pipeline_test/pipeline_info/execution_trace_2025-06-16_17-32-16.txt
Jun-16 17:32:16.611 [main] DEBUG nextflow.Session - Using default localLib path: /home/vpasumarthy3/.nextflow/assets/pgscatalog/pgsc_calc/lib
Jun-16 17:32:16.614 [main] DEBUG nextflow.Session - Adding to the classpath library: /home/vpasumarthy3/.nextflow/assets/pgscatalog/pgsc_calc/lib
Jun-16 17:32:16.984 [main] DEBUG nextflow.script.ScriptRunner - > Launching execution
Jun-16 17:32:16.996 [main] DEBUG nextflow.script.IncludeDef - Loading included plugin extensions with names: [paramsHelp:paramsHelp]; plugin Id: nf-schema
Jun-16 17:32:17.356 [main] WARN  nextflow.Nextflow - ~~~~~~~~~~~~~~~~~~~~~~~~~~~~~~~~~~~~~~~~~~~~~~~~~~~~~~~~~~~~~~~~~~~~~~~~~~~~~~
  There is a problem with your Conda configuration!

  You will need to set-up the conda-forge and bioconda channels correctly.
  Please refer to https://bioconda.github.io/
  The observed channel order is 
  [bioconda, defaults]
  but the following channel order is required:
  [conda-forge, bioconda, defaults]
~~~~~~~~~~~~~~~~~~~~~~~~~~~~~~~~~~~~~~~~~~~~~~~~~~~~~~~~~~~~~~~~~~~~~~~~~~~~~~~~~~~
Jun-16 17:32:17.770 [main] DEBUG nextflow.script.IncludeDef - Loading included plugin extensions with names: [validateParameters:validateParameters, paramsSummaryLog:paramsSummaryLog, paramsSummaryMap:paramsSummaryMap]; plugin Id: nf-schema
Jun-16 17:32:17.821 [main] INFO  nextflow.Nextflow - 

-[2m----------------------------------------------------[0m-
[0;35m  pgscatalog/pgsc_calc v2.0.0-g205cbfd[0m
-[2m----------------------------------------------------[0m-
[1mCore Nextflow options[0m
  [0;34mrevision   : [0;32mmain[0m
  [0;34mrunName    : [0;32mbig_angela[0m
  [0;34mlaunchDir  : [0;32m/home/vpasumarthy3/PRS/PRS_Pipeline[0m
  [0;34mworkDir    : [0;32m/home/vpasumarthy3/PRS/PRS_Pipeline/work[0m
  [0;34mprojectDir : [0;32m/home/vpasumarthy3/.nextflow/assets/pgscatalog/pgsc_calc[0m
  [0;34muserName   : [0;32mvpasumarthy3[0m
  [0;34mprofile    : [0;32mconda[0m
  [0;34mconfigFiles: [0;32m[0m

!! Only displaying parameters that differ from the pipeline defaults !!
-[2m----------------------------------------------------[0m-
If you use pgscatalog/pgsc_calc for your analysis please cite:

* The Polygenic Score Catalog
  https://doi.org/10.1101/2024.05.29.24307783
  https://doi.org/10.1038/s41588-021-00783-5

* The nf-core framework
  https://doi.org/10.1038/s41587-020-0439-x

* Software dependencies
  https://github.com/pgscatalog/pgsc_calc/blob/main/CITATIONS.md

Jun-16 17:32:20.405 [main] DEBUG nextflow.script.ProcessConfig - Config settings `withLabel:process_medium` matches labels `process_medium,pgscatalog_utils` for process with name PGSCATALOG_PGSCCALC:PGSCCALC:DOWNLOAD_SCOREFILES
Jun-16 17:32:20.407 [main] DEBUG nextflow.script.ProcessConfig - Config settings `withLabel:pgscatalog_utils` matches labels `process_medium,pgscatalog_utils` for process with name PGSCATALOG_PGSCCALC:PGSCCALC:DOWNLOAD_SCOREFILES
Jun-16 17:32:20.421 [main] DEBUG nextflow.executor.ExecutorFactory - << taskConfig executor: null
Jun-16 17:32:20.421 [main] DEBUG nextflow.executor.ExecutorFactory - >> processorType: 'local'
Jun-16 17:32:20.427 [main] DEBUG nextflow.executor.Executor - [warm up] executor > local
Jun-16 17:32:20.432 [main] DEBUG n.processor.LocalPollingMonitor - Creating local task monitor for executor 'local' > cpus=80; memory=1.5 TB; capacity=80; pollInterval=100ms; dumpInterval=5m
Jun-16 17:32:20.434 [main] DEBUG n.processor.TaskPollingMonitor - >>> barrier register (monitor: local)
Jun-16 17:32:20.567 [main] DEBUG nextflow.script.ProcessConfig - Config settings `withLabel:process_medium` matches labels `process_medium,pgscatalog_utils` for process with name PGSCATALOG_PGSCCALC:PGSCCALC:INPUT_CHECK:COMBINE_SCOREFILES
Jun-16 17:32:20.568 [main] DEBUG nextflow.script.ProcessConfig - Config settings `withLabel:pgscatalog_utils` matches labels `process_medium,pgscatalog_utils` for process with name PGSCATALOG_PGSCCALC:PGSCCALC:INPUT_CHECK:COMBINE_SCOREFILES
Jun-16 17:32:20.569 [main] DEBUG nextflow.script.ProcessConfig - Config settings `withName:COMBINE_SCOREFILES` matches process PGSCATALOG_PGSCCALC:PGSCCALC:INPUT_CHECK:COMBINE_SCOREFILES
Jun-16 17:32:20.570 [main] DEBUG nextflow.executor.ExecutorFactory - << taskConfig executor: null
Jun-16 17:32:20.570 [main] DEBUG nextflow.executor.ExecutorFactory - >> processorType: 'local'
Jun-16 17:32:20.627 [main] DEBUG nextflow.script.ProcessConfig - Config settings `withLabel:process_low` matches labels `process_low,plink2` for process with name PGSCATALOG_PGSCCALC:PGSCCALC:MAKE_COMPATIBLE:PLINK2_RELABELBIM
Jun-16 17:32:20.627 [main] DEBUG nextflow.script.ProcessConfig - Config settings `withLabel:plink2` matches labels `process_low,plink2` for process with name PGSCATALOG_PGSCCALC:PGSCCALC:MAKE_COMPATIBLE:PLINK2_RELABELBIM
Jun-16 17:32:20.629 [main] DEBUG nextflow.script.ProcessConfig - Config settings `withName:PLINK2_RELABELBIM` matches process PGSCATALOG_PGSCCALC:PGSCCALC:MAKE_COMPATIBLE:PLINK2_RELABELBIM
Jun-16 17:32:20.636 [main] DEBUG nextflow.executor.ExecutorFactory - << taskConfig executor: null
Jun-16 17:32:20.636 [main] DEBUG nextflow.executor.ExecutorFactory - >> processorType: 'local'
Jun-16 17:32:20.658 [main] DEBUG nextflow.script.ProcessConfig - Config settings `withLabel:process_low` matches labels `process_low,plink2` for process with name PGSCATALOG_PGSCCALC:PGSCCALC:MAKE_COMPATIBLE:PLINK2_RELABELPVAR
Jun-16 17:32:20.659 [main] DEBUG nextflow.script.ProcessConfig - Config settings `withLabel:plink2` matches labels `process_low,plink2` for process with name PGSCATALOG_PGSCCALC:PGSCCALC:MAKE_COMPATIBLE:PLINK2_RELABELPVAR
Jun-16 17:32:20.659 [main] DEBUG nextflow.script.ProcessConfig - Config settings `withName:PLINK2_RELABELPVAR` matches process PGSCATALOG_PGSCCALC:PGSCCALC:MAKE_COMPATIBLE:PLINK2_RELABELPVAR
Jun-16 17:32:20.661 [main] DEBUG nextflow.executor.ExecutorFactory - << taskConfig executor: null
Jun-16 17:32:20.661 [main] DEBUG nextflow.executor.ExecutorFactory - >> processorType: 'local'
Jun-16 17:32:20.676 [main] DEBUG nextflow.script.ProcessConfig - Config settings `withLabel:process_medium` matches labels `process_medium,plink2` for process with name PGSCATALOG_PGSCCALC:PGSCCALC:MAKE_COMPATIBLE:PLINK2_VCF
Jun-16 17:32:20.677 [main] DEBUG nextflow.script.ProcessConfig - Config settings `withLabel:plink2` matches labels `process_medium,plink2` for process with name PGSCATALOG_PGSCCALC:PGSCCALC:MAKE_COMPATIBLE:PLINK2_VCF
Jun-16 17:32:20.678 [main] DEBUG nextflow.script.ProcessConfig - Config settings `withName:PLINK2_VCF` matches process PGSCATALOG_PGSCCALC:PGSCCALC:MAKE_COMPATIBLE:PLINK2_VCF
Jun-16 17:32:20.680 [main] DEBUG nextflow.executor.ExecutorFactory - << taskConfig executor: null
Jun-16 17:32:20.680 [main] DEBUG nextflow.executor.ExecutorFactory - >> processorType: 'local'
Jun-16 17:32:20.738 [main] DEBUG nextflow.script.ProcessConfig - Config settings `withLabel:process_medium` matches labels `process_medium,pgscatalog_utils` for process with name PGSCATALOG_PGSCCALC:PGSCCALC:MATCH:MATCH_VARIANTS
Jun-16 17:32:20.738 [main] DEBUG nextflow.script.ProcessConfig - Config settings `withLabel:pgscatalog_utils` matches labels `process_medium,pgscatalog_utils` for process with name PGSCATALOG_PGSCCALC:PGSCCALC:MATCH:MATCH_VARIANTS
Jun-16 17:32:20.739 [main] DEBUG nextflow.script.ProcessConfig - Config settings `withName:MATCH_VARIANTS|MATCH_COMBINE` matches process PGSCATALOG_PGSCCALC:PGSCCALC:MATCH:MATCH_VARIANTS
Jun-16 17:32:20.742 [main] DEBUG nextflow.executor.ExecutorFactory - << taskConfig executor: null
Jun-16 17:32:20.742 [main] DEBUG nextflow.executor.ExecutorFactory - >> processorType: 'local'
Jun-16 17:32:20.777 [main] DEBUG nextflow.script.ProcessConfig - Config settings `withLabel:process_medium` matches labels `process_medium,pgscatalog_utils` for process with name PGSCATALOG_PGSCCALC:PGSCCALC:MATCH:MATCH_COMBINE
Jun-16 17:32:20.778 [main] DEBUG nextflow.script.ProcessConfig - Config settings `withLabel:pgscatalog_utils` matches labels `process_medium,pgscatalog_utils` for process with name PGSCATALOG_PGSCCALC:PGSCCALC:MATCH:MATCH_COMBINE
Jun-16 17:32:20.779 [main] DEBUG nextflow.script.ProcessConfig - Config settings `withName:MATCH_VARIANTS|MATCH_COMBINE` matches process PGSCATALOG_PGSCCALC:PGSCCALC:MATCH:MATCH_COMBINE
Jun-16 17:32:20.780 [main] DEBUG nextflow.executor.ExecutorFactory - << taskConfig executor: null
Jun-16 17:32:20.780 [main] DEBUG nextflow.executor.ExecutorFactory - >> processorType: 'local'
Jun-16 17:32:20.822 [main] DEBUG nextflow.script.ProcessConfig - Config settings `withLabel:process_low` matches labels `process_low,process_long,plink2` for process with name PGSCATALOG_PGSCCALC:PGSCCALC:APPLY_SCORE:PLINK2_SCORE
Jun-16 17:32:20.822 [main] DEBUG nextflow.script.ProcessConfig - Config settings `withLabel:process_long` matches labels `process_low,process_long,plink2` for process with name PGSCATALOG_PGSCCALC:PGSCCALC:APPLY_SCORE:PLINK2_SCORE
Jun-16 17:32:20.822 [main] DEBUG nextflow.script.ProcessConfig - Config settings `withLabel:plink2` matches labels `process_low,process_long,plink2` for process with name PGSCATALOG_PGSCCALC:PGSCCALC:APPLY_SCORE:PLINK2_SCORE
Jun-16 17:32:20.823 [main] DEBUG nextflow.script.ProcessConfig - Config settings `withName:PLINK2_SCORE` matches process PGSCATALOG_PGSCCALC:PGSCCALC:APPLY_SCORE:PLINK2_SCORE
Jun-16 17:32:20.826 [main] DEBUG nextflow.executor.ExecutorFactory - << taskConfig executor: null
Jun-16 17:32:20.826 [main] DEBUG nextflow.executor.ExecutorFactory - >> processorType: 'local'
Jun-16 17:32:20.857 [main] DEBUG nextflow.script.ProcessConfig - Config settings `withLabel:process_high_memory` matches labels `process_high_memory,pgscatalog_utils` for process with name PGSCATALOG_PGSCCALC:PGSCCALC:APPLY_SCORE:SCORE_AGGREGATE
Jun-16 17:32:20.858 [main] DEBUG nextflow.script.ProcessConfig - Config settings `withLabel:pgscatalog_utils` matches labels `process_high_memory,pgscatalog_utils` for process with name PGSCATALOG_PGSCCALC:PGSCCALC:APPLY_SCORE:SCORE_AGGREGATE
Jun-16 17:32:20.860 [main] DEBUG nextflow.executor.ExecutorFactory - << taskConfig executor: null
Jun-16 17:32:20.860 [main] DEBUG nextflow.executor.ExecutorFactory - >> processorType: 'local'
Jun-16 17:32:20.892 [main] DEBUG nextflow.script.ProcessConfig - Config settings `withLabel:process_high_memory` matches labels `process_high_memory,report` for process with name PGSCATALOG_PGSCCALC:PGSCCALC:REPORT:SCORE_REPORT
Jun-16 17:32:20.893 [main] DEBUG nextflow.script.ProcessConfig - Config settings `withLabel:report` matches labels `process_high_memory,report` for process with name PGSCATALOG_PGSCCALC:PGSCCALC:REPORT:SCORE_REPORT
Jun-16 17:32:20.893 [main] DEBUG nextflow.script.ProcessConfig - Config settings `withName:PGSCATALOG_GET|SCORE_REPORT` matches process PGSCATALOG_PGSCCALC:PGSCCALC:REPORT:SCORE_REPORT
Jun-16 17:32:20.895 [main] DEBUG nextflow.executor.ExecutorFactory - << taskConfig executor: null
Jun-16 17:32:20.895 [main] DEBUG nextflow.executor.ExecutorFactory - >> processorType: 'local'
Jun-16 17:32:20.919 [main] DEBUG nextflow.script.ProcessConfig - Config settings `withLabel:pyyaml` matches labels `pyyaml` for process with name PGSCATALOG_PGSCCALC:PGSCCALC:DUMPSOFTWAREVERSIONS
Jun-16 17:32:20.920 [main] DEBUG nextflow.script.ProcessConfig - Config settings `withName:DUMPSOFTWAREVERSIONS` matches process PGSCATALOG_PGSCCALC:PGSCCALC:DUMPSOFTWAREVERSIONS
Jun-16 17:32:20.921 [main] DEBUG nextflow.executor.ExecutorFactory - << taskConfig executor: null
Jun-16 17:32:20.922 [main] DEBUG nextflow.executor.ExecutorFactory - >> processorType: 'local'
Jun-16 17:32:20.925 [main] DEBUG nextflow.Session - Config process names validation disabled as requested
Jun-16 17:32:20.926 [main] DEBUG nextflow.Session - Igniting dataflow network (32)
Jun-16 17:32:20.929 [main] DEBUG nextflow.processor.TaskProcessor - Starting process > PGSCATALOG_PGSCCALC:PGSCCALC:DOWNLOAD_SCOREFILES
Jun-16 17:32:20.946 [main] DEBUG nextflow.processor.TaskProcessor - Starting process > PGSCATALOG_PGSCCALC:PGSCCALC:INPUT_CHECK:COMBINE_SCOREFILES
Jun-16 17:32:20.948 [main] DEBUG nextflow.processor.TaskProcessor - Starting process > PGSCATALOG_PGSCCALC:PGSCCALC:MAKE_COMPATIBLE:PLINK2_RELABELBIM
Jun-16 17:32:20.950 [main] DEBUG nextflow.processor.TaskProcessor - Starting process > PGSCATALOG_PGSCCALC:PGSCCALC:MAKE_COMPATIBLE:PLINK2_RELABELPVAR
Jun-16 17:32:20.950 [main] DEBUG nextflow.processor.TaskProcessor - Starting process > PGSCATALOG_PGSCCALC:PGSCCALC:MAKE_COMPATIBLE:PLINK2_VCF
Jun-16 17:32:20.953 [main] DEBUG nextflow.processor.TaskProcessor - Starting process > PGSCATALOG_PGSCCALC:PGSCCALC:MATCH:MATCH_VARIANTS
Jun-16 17:32:20.954 [main] DEBUG nextflow.processor.TaskProcessor - Starting process > PGSCATALOG_PGSCCALC:PGSCCALC:MATCH:MATCH_COMBINE
Jun-16 17:32:20.955 [main] DEBUG nextflow.processor.TaskProcessor - Starting process > PGSCATALOG_PGSCCALC:PGSCCALC:APPLY_SCORE:PLINK2_SCORE
Jun-16 17:32:20.955 [main] DEBUG nextflow.processor.TaskProcessor - Starting process > PGSCATALOG_PGSCCALC:PGSCCALC:APPLY_SCORE:SCORE_AGGREGATE
Jun-16 17:32:20.962 [main] DEBUG nextflow.processor.TaskProcessor - Starting process > PGSCATALOG_PGSCCALC:PGSCCALC:REPORT:SCORE_REPORT
Jun-16 17:32:20.962 [main] DEBUG nextflow.processor.TaskProcessor - Starting process > PGSCATALOG_PGSCCALC:PGSCCALC:DUMPSOFTWAREVERSIONS
Jun-16 17:32:20.967 [main] DEBUG nextflow.script.ScriptRunner - Parsed script files:
  Script_6c7f1975e3fb3b69: /home/vpasumarthy3/.nextflow/assets/pgscatalog/pgsc_calc/./workflows/../subworkflows/local/ancestry/../../../modules/local/ancestry/oadp/fraposa_pca.nf
  Script_f7e6cf6aaa57ea1f: /home/vpasumarthy3/.nextflow/assets/pgscatalog/pgsc_calc/./workflows/../subworkflows/local/../../modules/local/ancestry/ancestry_analysis.nf
  Script_3192a83c982d60fd: /home/vpasumarthy3/.nextflow/assets/pgscatalog/pgsc_calc/./workflows/../subworkflows/local/../../modules/local/ancestry/relabel_afreq.nf
  Script_427b79f8ec452926: /home/vpasumarthy3/.nextflow/assets/pgscatalog/pgsc_calc/./workflows/../subworkflows/local/ancestry/../../../modules/local/ancestry/extract_database.nf
  Script_f1f44f8cbf10b8ac: /home/vpasumarthy3/.nextflow/assets/pgscatalog/pgsc_calc/./workflows/../subworkflows/local/report.nf
  Script_951dc19390c5c741: /home/vpasumarthy3/.nextflow/assets/pgscatalog/pgsc_calc/./workflows/../subworkflows/local/../../modules/local/combine_scorefiles.nf
  Script_12c9a6a07f86b4fa: /home/vpasumarthy3/.nextflow/assets/pgscatalog/pgsc_calc/./workflows/../modules/local/download_scorefiles.nf
  Script_755713ec2b43081e: /home/vpasumarthy3/.nextflow/assets/pgscatalog/pgsc_calc/./workflows/pgsc_calc.nf
  Script_67ef02006e15f7bf: /home/vpasumarthy3/.nextflow/assets/pgscatalog/pgsc_calc/./workflows/../subworkflows/local/ancestry/../../../modules/local/ancestry/bootstrap/make_database.nf
  Script_8e6f8bb44fe47fd9: /home/vpasumarthy3/.nextflow/assets/pgscatalog/pgsc_calc/./workflows/../subworkflows/local/../../modules/local/score_report.nf
  Script_e72266e4c23a6709: /home/vpasumarthy3/.nextflow/assets/pgscatalog/pgsc_calc/./workflows/../subworkflows/local/ancestry/bootstrap_ancestry.nf
  Script_49dad12165a607ad: /home/vpasumarthy3/.nextflow/assets/pgscatalog/pgsc_calc/main.nf
  Script_af7d999c868fc751: /home/vpasumarthy3/.nextflow/assets/pgscatalog/pgsc_calc/./workflows/../subworkflows/local/../../modules/local/plink2_relabelpvar.nf
  Script_ddfebfdd3f2163fa: /home/vpasumarthy3/.nextflow/assets/pgscatalog/pgsc_calc/./workflows/../subworkflows/local/ancestry/../../../modules/local/ancestry/oadp/intersect_thinned.nf
  Script_7877cbba589aaba3: /home/vpasumarthy3/.nextflow/assets/pgscatalog/pgsc_calc/./workflows/../subworkflows/local/../../modules/local/plink2_relabelbim.nf
  Script_7c3cf274b5f55d48: /home/vpasumarthy3/.nextflow/assets/pgscatalog/pgsc_calc/./workflows/../subworkflows/local/ancestry/../../../modules/local/ancestry/oadp/plink2_makebed.nf
  Script_0fa47898366f4cc3: /home/vpasumarthy3/.nextflow/assets/pgscatalog/pgsc_calc/./workflows/../subworkflows/local/make_compatible.nf
  Script_e8e89f1db16463e9: /home/vpasumarthy3/.nextflow/assets/pgscatalog/pgsc_calc/./workflows/../subworkflows/local/input_check.nf
  Script_b44d5e652fec57af: /home/vpasumarthy3/.nextflow/assets/pgscatalog/pgsc_calc/./workflows/../subworkflows/local/../../modules/local/score_aggregate.nf
  Script_9cb3ca6d09bec8b1: /home/vpasumarthy3/.nextflow/assets/pgscatalog/pgsc_calc/./workflows/../subworkflows/local/apply_score.nf
  Script_dac204016b7d984d: /home/vpasumarthy3/.nextflow/assets/pgscatalog/pgsc_calc/./workflows/../subworkflows/local/../../modules/local/match_combine.nf
  Script_f7586381070cd5d9: /home/vpasumarthy3/.nextflow/assets/pgscatalog/pgsc_calc/./workflows/../subworkflows/local/../../modules/local/plink2_vcf.nf
  Script_7471b788f1a2a9d3: /home/vpasumarthy3/.nextflow/assets/pgscatalog/pgsc_calc/./workflows/../subworkflows/local/ancestry/../../../modules/local/ancestry/filter_variants.nf
  Script_a1be163d058c7f54: /home/vpasumarthy3/.nextflow/assets/pgscatalog/pgsc_calc/./workflows/../modules/local/dumpsoftwareversions.nf
  Script_7237b9b1d4f9edb3: /home/vpasumarthy3/.nextflow/assets/pgscatalog/pgsc_calc/./workflows/../subworkflows/local/ancestry/../../../modules/local/ancestry/bootstrap/setup_resource.nf
  Script_bce5fb3c34601cd2: /home/vpasumarthy3/.nextflow/assets/pgscatalog/pgsc_calc/./workflows/../subworkflows/local/../../modules/local/ancestry/relabel_scorefiles.nf
  Script_b5fbc4cc5ec915c5: /home/vpasumarthy3/.nextflow/assets/pgscatalog/pgsc_calc/./workflows/../subworkflows/local/../../modules/local/plink2_score.nf
  Script_b6e41778bc295ecb: /home/vpasumarthy3/.nextflow/assets/pgscatalog/pgsc_calc/./workflows/../subworkflows/local/ancestry/../../../modules/local/ancestry/oadp/fraposa_project.nf
  Script_27f93d0e8e1609f8: /home/vpasumarthy3/.nextflow/assets/pgscatalog/pgsc_calc/./workflows/../subworkflows/local/../../modules/local/match_variants.nf
  Script_75119a130470a3ec: /home/vpasumarthy3/.nextflow/assets/pgscatalog/pgsc_calc/./workflows/../subworkflows/local/ancestry/../../../modules/local/ancestry/oadp/plink2_orient.nf
  Script_2b923d1099c3fc9c: /home/vpasumarthy3/.nextflow/assets/pgscatalog/pgsc_calc/./workflows/../subworkflows/local/ancestry/ancestry_project.nf
  Script_610f3cd49143490f: /home/vpasumarthy3/.nextflow/assets/pgscatalog/pgsc_calc/./workflows/../subworkflows/local/ancestry/../../../modules/local/ancestry/intersect_variants.nf
  Script_d992248657715d07: /home/vpasumarthy3/.nextflow/assets/pgscatalog/pgsc_calc/./workflows/../subworkflows/local/match.nf
  Script_9484cf4d32ea80d5: /home/vpasumarthy3/.nextflow/assets/pgscatalog/pgsc_calc/./workflows/../subworkflows/local/ancestry/../../../modules/local/ancestry/relabel_ids.nf
Jun-16 17:32:20.969 [main] DEBUG nextflow.script.ScriptRunner - > Awaiting termination 
Jun-16 17:32:20.970 [main] DEBUG nextflow.Session - Session await
Jun-16 17:32:21.098 [Actor Thread 59] DEBUG nextflow.conda.CondaCache - conda found local env for environment=/home/vpasumarthy3/.nextflow/assets/pgscatalog/pgsc_calc/environments/pgscatalog_utils/environment.yml; path=/home/vpasumarthy3/PRS/PRS_Pipeline/work/conda/env-80367648636965f4-00caea0fd1502b3025f862b501a2cce8
Jun-16 17:32:21.101 [Actor Thread 71] INFO  nextflow.processor.TaskProcessor - [skipping] Stored process > PGSCATALOG_PGSCCALC:PGSCCALC:MAKE_COMPATIBLE:PLINK2_RELABELBIM (4)
Jun-16 17:32:21.101 [Actor Thread 81] INFO  nextflow.processor.TaskProcessor - [skipping] Stored process > PGSCATALOG_PGSCCALC:PGSCCALC:MAKE_COMPATIBLE:PLINK2_RELABELBIM (16)
Jun-16 17:32:21.101 [Actor Thread 62] INFO  nextflow.processor.TaskProcessor - [skipping] Stored process > PGSCATALOG_PGSCCALC:PGSCCALC:MAKE_COMPATIBLE:PLINK2_RELABELBIM (7)
Jun-16 17:32:21.101 [Actor Thread 68] INFO  nextflow.processor.TaskProcessor - [skipping] Stored process > PGSCATALOG_PGSCCALC:PGSCCALC:MAKE_COMPATIBLE:PLINK2_RELABELBIM (18)
Jun-16 17:32:21.101 [Actor Thread 76] INFO  nextflow.processor.TaskProcessor - [skipping] Stored process > PGSCATALOG_PGSCCALC:PGSCCALC:MAKE_COMPATIBLE:PLINK2_RELABELBIM (5)
Jun-16 17:32:21.101 [Actor Thread 51] INFO  nextflow.processor.TaskProcessor - [skipping] Stored process > PGSCATALOG_PGSCCALC:PGSCCALC:MAKE_COMPATIBLE:PLINK2_RELABELBIM (11)
Jun-16 17:32:21.101 [Actor Thread 53] INFO  nextflow.processor.TaskProcessor - [skipping] Stored process > PGSCATALOG_PGSCCALC:PGSCCALC:MAKE_COMPATIBLE:PLINK2_RELABELBIM (19)
Jun-16 17:32:21.101 [Actor Thread 78] INFO  nextflow.processor.TaskProcessor - [skipping] Stored process > PGSCATALOG_PGSCCALC:PGSCCALC:MAKE_COMPATIBLE:PLINK2_RELABELBIM (6)
Jun-16 17:32:21.101 [Actor Thread 55] INFO  nextflow.processor.TaskProcessor - [skipping] Stored process > PGSCATALOG_PGSCCALC:PGSCCALC:MAKE_COMPATIBLE:PLINK2_RELABELBIM (10)
Jun-16 17:32:21.101 [Actor Thread 67] INFO  nextflow.processor.TaskProcessor - [skipping] Stored process > PGSCATALOG_PGSCCALC:PGSCCALC:MAKE_COMPATIBLE:PLINK2_RELABELBIM (3)
Jun-16 17:32:21.101 [Actor Thread 50] INFO  nextflow.processor.TaskProcessor - [skipping] Stored process > PGSCATALOG_PGSCCALC:PGSCCALC:MAKE_COMPATIBLE:PLINK2_RELABELBIM (14)
Jun-16 17:32:21.101 [Actor Thread 60] INFO  nextflow.processor.TaskProcessor - [skipping] Stored process > PGSCATALOG_PGSCCALC:PGSCCALC:MAKE_COMPATIBLE:PLINK2_RELABELBIM (21)
Jun-16 17:32:21.101 [Actor Thread 47] INFO  nextflow.processor.TaskProcessor - [skipping] Stored process > PGSCATALOG_PGSCCALC:PGSCCALC:MAKE_COMPATIBLE:PLINK2_RELABELBIM (15)
Jun-16 17:32:21.101 [Actor Thread 79] INFO  nextflow.processor.TaskProcessor - [skipping] Stored process > PGSCATALOG_PGSCCALC:PGSCCALC:MAKE_COMPATIBLE:PLINK2_RELABELBIM (1)
Jun-16 17:32:21.101 [Actor Thread 46] INFO  nextflow.processor.TaskProcessor - [skipping] Stored process > PGSCATALOG_PGSCCALC:PGSCCALC:MAKE_COMPATIBLE:PLINK2_RELABELBIM (17)
Jun-16 17:32:21.101 [Actor Thread 72] INFO  nextflow.processor.TaskProcessor - [skipping] Stored process > PGSCATALOG_PGSCCALC:PGSCCALC:MAKE_COMPATIBLE:PLINK2_RELABELBIM (2)
Jun-16 17:32:21.101 [Actor Thread 57] INFO  nextflow.processor.TaskProcessor - [skipping] Stored process > PGSCATALOG_PGSCCALC:PGSCCALC:MAKE_COMPATIBLE:PLINK2_RELABELBIM (9)
Jun-16 17:32:21.101 [Actor Thread 61] INFO  nextflow.processor.TaskProcessor - [skipping] Stored process > PGSCATALOG_PGSCCALC:PGSCCALC:MAKE_COMPATIBLE:PLINK2_RELABELBIM (8)
Jun-16 17:32:21.101 [Actor Thread 80] INFO  nextflow.processor.TaskProcessor - [skipping] Stored process > PGSCATALOG_PGSCCALC:PGSCCALC:MAKE_COMPATIBLE:PLINK2_RELABELBIM (20)
Jun-16 17:32:21.101 [Actor Thread 58] INFO  nextflow.processor.TaskProcessor - [skipping] Stored process > PGSCATALOG_PGSCCALC:PGSCCALC:MAKE_COMPATIBLE:PLINK2_RELABELBIM (13)
Jun-16 17:32:21.101 [Actor Thread 52] INFO  nextflow.processor.TaskProcessor - [skipping] Stored process > PGSCATALOG_PGSCCALC:PGSCCALC:MAKE_COMPATIBLE:PLINK2_RELABELBIM (12)
Jun-16 17:32:21.112 [Actor Thread 63] INFO  nextflow.processor.TaskProcessor - [skipping] Stored process > PGSCATALOG_PGSCCALC:PGSCCALC:MAKE_COMPATIBLE:PLINK2_RELABELBIM (22)
Jun-16 17:32:21.188 [Task submitter] DEBUG n.executor.local.LocalTaskHandler - Launch cmd line: /bin/bash -ue .command.run
Jun-16 17:32:21.190 [Task submitter] INFO  nextflow.Session - [bb/be2d11] Submitted process > PGSCATALOG_PGSCCALC:PGSCCALC:DOWNLOAD_SCOREFILES ([pgs_id:PGS002308, pgp_id:, trait_efo:])
Jun-16 17:37:20.554 [Task monitor] DEBUG n.processor.TaskPollingMonitor - !! executor local > tasks to be completed: 1 -- submitted tasks are shown below
~> TaskHandler[id: 1; name: PGSCATALOG_PGSCCALC:PGSCCALC:DOWNLOAD_SCOREFILES ([pgs_id:PGS002308, pgp_id:, trait_efo:]); status: RUNNING; exit: -; error: -; workDir: /home/vpasumarthy3/PRS/PRS_Pipeline/work/bb/be2d119c33ef0ecb80ef607e9bdd40]
Jun-16 17:42:20.652 [Task monitor] DEBUG n.processor.TaskPollingMonitor - !! executor local > tasks to be completed: 1 -- submitted tasks are shown below
~> TaskHandler[id: 1; name: PGSCATALOG_PGSCCALC:PGSCCALC:DOWNLOAD_SCOREFILES ([pgs_id:PGS002308, pgp_id:, trait_efo:]); status: RUNNING; exit: -; error: -; workDir: /home/vpasumarthy3/PRS/PRS_Pipeline/work/bb/be2d119c33ef0ecb80ef607e9bdd40]
Jun-16 17:44:15.354 [Task monitor] DEBUG n.processor.TaskPollingMonitor - Task completed > TaskHandler[id: 1; name: PGSCATALOG_PGSCCALC:PGSCCALC:DOWNLOAD_SCOREFILES ([pgs_id:PGS002308, pgp_id:, trait_efo:]); status: COMPLETED; exit: 8; error: -; workDir: /home/vpasumarthy3/PRS/PRS_Pipeline/work/bb/be2d119c33ef0ecb80ef607e9bdd40]
Jun-16 17:44:15.356 [Task monitor] DEBUG nextflow.util.ThreadPoolBuilder - Creating thread pool 'TaskFinalizer' minSize=10; maxSize=240; workQueue=LinkedBlockingQueue[10000]; allowCoreThreadTimeout=false
Jun-16 17:44:15.368 [TaskFinalizer-1] DEBUG nextflow.processor.TaskProcessor - Handling unexpected condition for
  task: name=PGSCATALOG_PGSCCALC:PGSCCALC:DOWNLOAD_SCOREFILES ([pgs_id:PGS002308, pgp_id:, trait_efo:]); work-dir=/home/vpasumarthy3/PRS/PRS_Pipeline/work/bb/be2d119c33ef0ecb80ef607e9bdd40
  error [nextflow.exception.ProcessFailedException]: Process `PGSCATALOG_PGSCCALC:PGSCCALC:DOWNLOAD_SCOREFILES ([pgs_id:PGS002308, pgp_id:, trait_efo:])` terminated with an error exit status (8)
Jun-16 17:44:15.390 [TaskFinalizer-1] ERROR nextflow.processor.TaskProcessor - Error executing process > 'PGSCATALOG_PGSCCALC:PGSCCALC:DOWNLOAD_SCOREFILES ([pgs_id:PGS002308, pgp_id:, trait_efo:])'

Caused by:
  Process `PGSCATALOG_PGSCCALC:PGSCCALC:DOWNLOAD_SCOREFILES ([pgs_id:PGS002308, pgp_id:, trait_efo:])` terminated with an error exit status (8)


Command executed:

  pgscatalog-download -i PGS002308                                    -b GRCh37         -o $PWD         -v         -c pgsc_calc/2.0.0
  
  cat <<-END_VERSIONS > versions.yml
  DOWNLOAD_SCOREFILES:
      pgscatalog.core: $(echo $(python -c 'import pgscatalog.core; print(pgscatalog.core.__version__)'))
  END_VERSIONS

Command exit status:
  8

Command output:
  (empty)

Command error:
      return self.__get_result()
             ^^^^^^^^^^^^^^^^^^^
    File "/home/vpasumarthy3/PRS/PRS_Pipeline/work/conda/env-80367648636965f4-00caea0fd1502b3025f862b501a2cce8/lib/python3.12/concurrent/futures/_base.py", line 401, in __get_result
      raise self._exception
    File "/home/vpasumarthy3/PRS/PRS_Pipeline/work/conda/env-80367648636965f4-00caea0fd1502b3025f862b501a2cce8/lib/python3.12/site-packages/tenacity/__init__.py", line 478, in __call__
      result = fn(*args, **kwargs)
               ^^^^^^^^^^^^^^^^^^^
    File "/home/vpasumarthy3/PRS/PRS_Pipeline/work/conda/env-80367648636965f4-00caea0fd1502b3025f862b501a2cce8/lib/python3.12/site-packages/pgscatalog/core/lib/_download.py", line 83, in ftp_fallback
      raise ScoreDownloadError(f"Can't download {ftp_url} over FTP") from download_exc
  pgscatalog.core.lib.pgsexceptions.ScoreDownloadError: Can't download ftp://ftp.ebi.ac.uk/pub/databases/spot/pgs/scores/PGS002308/ScoringFiles/Harmonized/PGS002308_hmPOS_GRCh37.txt.gz over FTP
  
  The above exception was the direct cause of the following exception:
  
  Traceback (most recent call last):
    File "/home/vpasumarthy3/PRS/PRS_Pipeline/work/conda/env-80367648636965f4-00caea0fd1502b3025f862b501a2cce8/bin/pgscatalog-download", line 10, in <module>
      sys.exit(run())
               ^^^^^
    File "/home/vpasumarthy3/PRS/PRS_Pipeline/work/conda/env-80367648636965f4-00caea0fd1502b3025f862b501a2cce8/lib/python3.12/site-packages/pgscatalog/core/cli/download_cli.py", line 62, in run
      future.result()
    File "/home/vpasumarthy3/PRS/PRS_Pipeline/work/conda/env-80367648636965f4-00caea0fd1502b3025f862b501a2cce8/lib/python3.12/concurrent/futures/_base.py", line 449, in result
      return self.__get_result()
             ^^^^^^^^^^^^^^^^^^^
    File "/home/vpasumarthy3/PRS/PRS_Pipeline/work/conda/env-80367648636965f4-00caea0fd1502b3025f862b501a2cce8/lib/python3.12/concurrent/futures/_base.py", line 401, in __get_result
      raise self._exception
    File "/home/vpasumarthy3/PRS/PRS_Pipeline/work/conda/env-80367648636965f4-00caea0fd1502b3025f862b501a2cce8/lib/python3.12/concurrent/futures/thread.py", line 59, in run
      result = self.fn(*self.args, **self.kwargs)
               ^^^^^^^^^^^^^^^^^^^^^^^^^^^^^^^^^^
    File "/home/vpasumarthy3/PRS/PRS_Pipeline/work/conda/env-80367648636965f4-00caea0fd1502b3025f862b501a2cce8/lib/python3.12/site-packages/pgscatalog/core/lib/scorefiles.py", line 304, in download
      https_download(
    File "/home/vpasumarthy3/PRS/PRS_Pipeline/work/conda/env-80367648636965f4-00caea0fd1502b3025f862b501a2cce8/lib/python3.12/site-packages/tenacity/__init__.py", line 336, in wrapped_f
      return copy(f, *args, **kw)
             ^^^^^^^^^^^^^^^^^^^^
    File "/home/vpasumarthy3/PRS/PRS_Pipeline/work/conda/env-80367648636965f4-00caea0fd1502b3025f862b501a2cce8/lib/python3.12/site-packages/tenacity/__init__.py", line 475, in __call__
      do = self.iter(retry_state=retry_state)
           ^^^^^^^^^^^^^^^^^^^^^^^^^^^^^^^^^^
    File "/home/vpasumarthy3/PRS/PRS_Pipeline/work/conda/env-80367648636965f4-00caea0fd1502b3025f862b501a2cce8/lib/python3.12/site-packages/tenacity/__init__.py", line 376, in iter
      result = action(retry_state)
               ^^^^^^^^^^^^^^^^^^^
    File "/home/vpasumarthy3/PRS/PRS_Pipeline/work/conda/env-80367648636965f4-00caea0fd1502b3025f862b501a2cce8/lib/python3.12/site-packages/tenacity/__init__.py", line 336, in wrapped_f
      return copy(f, *args, **kw)
             ^^^^^^^^^^^^^^^^^^^^
    File "/home/vpasumarthy3/PRS/PRS_Pipeline/work/conda/env-80367648636965f4-00caea0fd1502b3025f862b501a2cce8/lib/python3.12/site-packages/tenacity/__init__.py", line 475, in __call__
      do = self.iter(retry_state=retry_state)
           ^^^^^^^^^^^^^^^^^^^^^^^^^^^^^^^^^^
    File "/home/vpasumarthy3/PRS/PRS_Pipeline/work/conda/env-80367648636965f4-00caea0fd1502b3025f862b501a2cce8/lib/python3.12/site-packages/tenacity/__init__.py", line 376, in iter
      result = action(retry_state)
               ^^^^^^^^^^^^^^^^^^^
    File "/home/vpasumarthy3/PRS/PRS_Pipeline/work/conda/env-80367648636965f4-00caea0fd1502b3025f862b501a2cce8/lib/python3.12/site-packages/pgscatalog/core/lib/_download.py", line 30, in score_download_failed
      raise ScoreDownloadError("All download retries failed") from download_exc
  pgscatalog.core.lib.pgsexceptions.ScoreDownloadError: All download retries failed

Work dir:
  /home/vpasumarthy3/PRS/PRS_Pipeline/work/bb/be2d119c33ef0ecb80ef607e9bdd40

Tip: you can try to figure out what's wrong by changing to the process work dir and showing the script file named `.command.sh`
Jun-16 17:44:15.412 [TaskFinalizer-1] INFO  nextflow.Session - Execution cancelled -- Finishing pending tasks before exit
Jun-16 17:44:15.417 [main] DEBUG nextflow.Session - Session await > all processes finished
Jun-16 17:44:15.426 [Task monitor] DEBUG n.processor.TaskPollingMonitor - <<< barrier arrives (monitor: local) - terminating tasks monitor poll loop
Jun-16 17:44:15.427 [main] DEBUG nextflow.Session - Session await > all barriers passed
Jun-16 17:44:15.437 [Actor Thread 57] DEBUG nextflow.sort.BigSort - Sort completed -- entries: 1; slices: 1; internal sort time: 0.002 s; external sort time: 0.025 s; total time: 0.027 s
Jun-16 17:44:15.443 [Actor Thread 57] DEBUG nextflow.file.FileCollector - Saved collect-files list to: /home/vpasumarthy3/PRS/PRS_Pipeline/work/collect-file/03cf150d5801abfb0294a655ace2eab6
Jun-16 17:44:15.457 [Actor Thread 57] DEBUG nextflow.file.FileCollector - Deleting file collector temp dir: /tmp/nxf-6433981661468059118
Jun-16 17:44:15.460 [main] DEBUG nextflow.util.ThreadPoolManager - Thread pool 'TaskFinalizer' shutdown completed (hard=false)
Jun-16 17:44:15.490 [main] INFO  nextflow.Nextflow - -[0;35m[pgscatalog/pgsc_calc][0;31m Pipeline completed with errors[0m-
Jun-16 17:44:15.493 [main] DEBUG n.trace.WorkflowStatsObserver - Workflow completed > WorkflowStats[succeededCount=0; failedCount=1; ignoredCount=0; cachedCount=0; pendingCount=0; submittedCount=0; runningCount=0; retriesCount=0; abortedCount=0; succeedDuration=0ms; failedDuration=23m 48s; cachedDuration=0ms;loadCpus=0; loadMemory=0; peakRunning=1; peakCpus=2; peakMemory=16 GB; ]
Jun-16 17:44:15.494 [main] DEBUG nextflow.trace.TraceFileObserver - Workflow completed -- saving trace file
Jun-16 17:44:15.495 [main] DEBUG nextflow.trace.ReportObserver - Workflow completed -- rendering execution report
Jun-16 17:44:16.007 [main] DEBUG nextflow.trace.TimelineObserver - Workflow completed -- rendering execution timeline
Jun-16 17:44:16.270 [main] DEBUG nextflow.cache.CacheDB - Closing CacheDB done
Jun-16 17:44:16.287 [main] INFO  org.pf4j.AbstractPluginManager - Stop plugin 'nf-prov@1.2.2'
Jun-16 17:44:16.287 [main] DEBUG nextflow.plugin.BasePlugin - Plugin stopped nf-prov
Jun-16 17:44:16.287 [main] INFO  org.pf4j.AbstractPluginManager - Stop plugin 'nf-schema@2.0.0'
Jun-16 17:44:16.287 [main] DEBUG nextflow.plugin.BasePlugin - Plugin stopped nf-schema
Jun-16 17:44:16.288 [main] DEBUG nextflow.util.ThreadPoolManager - Thread pool 'FileTransfer' shutdown completed (hard=false)
Jun-16 17:44:16.289 [main] DEBUG nextflow.script.ScriptRunner - > Execution complete -- Goodbye
